Дата и время вызова: 2025-04-07 02:14:26.102128 Имя функции: give_grades_to_lecturer Результат: None Аргументы: позиционнные - (<__main__.Student object at 0x00000185B1B5C3E0>, <__main__.Lecturer object at 0x00000185B1B5CB90>, 'Java', 8), именованные - {}
Дата и время вызова: 2025-04-07 02:14:26.102128 Имя функции: give_grades_to_lecturer Результат: None Аргументы: позиционнные - (<__main__.Student object at 0x00000185B1B5C410>, <__main__.Lecturer object at 0x00000185B1B5CB90>, 'Java', 10), именованные - {}
Дата и время вызова: 2025-04-07 02:14:26.103128 Имя функции: give_grades_to_lecturer Результат: None Аргументы: позиционнные - (<__main__.Student object at 0x00000185B1B5C3E0>, <__main__.Lecturer object at 0x00000185B1B5CBC0>, 'Python', 5), именованные - {}
Дата и время вызова: 2025-04-07 02:14:26.103128 Имя функции: give_grades_to_lecturer Результат: None Аргументы: позиционнные - (<__main__.Student object at 0x00000185B1B5C410>, <__main__.Lecturer object at 0x00000185B1B5CBC0>, 'Kotlin', 7), именованные - {}
Дата и время вызова: 2025-04-07 02:14:26.103128 Имя функции: give_grades_to_lecturer Результат: None Аргументы: позиционнные - (<__main__.Student object at 0x00000185B1B5C410>, <__main__.Lecturer object at 0x00000185B1B5CBC0>, 'Java', 9), именованные - {}
Дата и время вызова: 2025-04-07 02:16:07.242179 Имя функции: give_grades_to_lecturer Результат: None Аргументы: позиционнные - (<__main__.Student object at 0x000002E39768C3E0>, <__main__.Lecturer object at 0x000002E39768CC50>, 'Java', 8), именованные - {}
Дата и время вызова: 2025-04-07 02:16:07.242179 Имя функции: give_grades_to_lecturer Результат: None Аргументы: позиционнные - (<__main__.Student object at 0x000002E39768CB90>, <__main__.Lecturer object at 0x000002E39768CC50>, 'Java', 10), именованные - {}
Дата и время вызова: 2025-04-07 02:16:07.243180 Имя функции: give_grades_to_lecturer Результат: None Аргументы: позиционнные - (<__main__.Student object at 0x000002E39768C3E0>, <__main__.Lecturer object at 0x000002E39768CC80>, 'Python', 5), именованные - {}
Дата и время вызова: 2025-04-07 02:16:07.243180 Имя функции: give_grades_to_lecturer Результат: None Аргументы: позиционнные - (<__main__.Student object at 0x000002E39768CB90>, <__main__.Lecturer object at 0x000002E39768CC80>, 'Kotlin', 7), именованные - {}
Дата и время вызова: 2025-04-07 02:16:07.243180 Имя функции: give_grades_to_lecturer Результат: None Аргументы: позиционнные - (<__main__.Student object at 0x000002E39768CB90>, <__main__.Lecturer object at 0x000002E39768CC80>, 'Java', 9), именованные - {}
Дата и время вызова: 2025-04-07 02:16:07.243180 Имя функции: avr_grade Результат: 9.0 Аргументы: позиционнные - (<__main__.Student object at 0x000002E39768C3E0>,), именованные - {}
Дата и время вызова: 2025-04-07 02:16:07.243180 Имя функции: avr_grade Результат: 9.0 Аргументы: позиционнные - (<__main__.Student object at 0x000002E39768CB90>,), именованные - {}
Дата и время вызова: 2025-04-07 02:16:07.243180 Имя функции: avr_grade Результат: 9.0 Аргументы: позиционнные - (<__main__.Student object at 0x000002E39768C3E0>,), именованные - {}
Дата и время вызова: 2025-04-07 02:16:07.244179 Имя функции: avr_grade Результат: 9.0 Аргументы: позиционнные - (<__main__.Student object at 0x000002E39768C3E0>,), именованные - {}
Дата и время вызова: 2025-04-07 02:16:07.244179 Имя функции: avr_grade Результат: 9.0 Аргументы: позиционнные - (<__main__.Student object at 0x000002E39768C3E0>,), именованные - {}
Дата и время вызова: 2025-04-07 02:17:32.393232 Имя функции: give_grades_to_lecturer Результат: None Аргументы: позиционнные - (<__main__.Student object at 0x00000235F0A3F890>, <__main__.Lecturer object at 0x00000235F0A48080>, 'Java', 8), именованные - {}

Дата и время вызова: 2025-04-07 02:17:32.394253 Имя функции: give_grades_to_lecturer Результат: None Аргументы: позиционнные - (<__main__.Student object at 0x00000235F0A3FF50>, <__main__.Lecturer object at 0x00000235F0A48080>, 'Java', 10), именованные - {}

Дата и время вызова: 2025-04-07 02:17:32.394253 Имя функции: give_grades_to_lecturer Результат: None Аргументы: позиционнные - (<__main__.Student object at 0x00000235F0A3F890>, <__main__.Lecturer object at 0x00000235F0A48050>, 'Python', 5), именованные - {}

Дата и время вызова: 2025-04-07 02:17:32.394253 Имя функции: give_grades_to_lecturer Результат: None Аргументы: позиционнные - (<__main__.Student object at 0x00000235F0A3FF50>, <__main__.Lecturer object at 0x00000235F0A48050>, 'Kotlin', 7), именованные - {}

Дата и время вызова: 2025-04-07 02:17:32.394253 Имя функции: give_grades_to_lecturer Результат: None Аргументы: позиционнные - (<__main__.Student object at 0x00000235F0A3FF50>, <__main__.Lecturer object at 0x00000235F0A48050>, 'Java', 9), именованные - {}

Дата и время вызова: 2025-04-07 02:17:32.394253 Имя функции: avr_grade Результат: 9.0 Аргументы: позиционнные - (<__main__.Student object at 0x00000235F0A3F890>,), именованные - {}

Дата и время вызова: 2025-04-07 02:17:32.395235 Имя функции: avr_grade Результат: 9.0 Аргументы: позиционнные - (<__main__.Student object at 0x00000235F0A3FF50>,), именованные - {}

Дата и время вызова: 2025-04-07 02:17:32.395235 Имя функции: avr_grade Результат: 9.0 Аргументы: позиционнные - (<__main__.Student object at 0x00000235F0A3F890>,), именованные - {}

Дата и время вызова: 2025-04-07 02:17:32.395235 Имя функции: avr_grade Результат: 9.0 Аргументы: позиционнные - (<__main__.Student object at 0x00000235F0A3F890>,), именованные - {}

Дата и время вызова: 2025-04-07 02:17:32.395235 Имя функции: avr_grade Результат: 9.0 Аргументы: позиционнные - (<__main__.Student object at 0x00000235F0A3F890>,), именованные - {}

Дата и время вызова: 2025-04-07 02:18:29.349031 Имя функции: avr_grade Результат: 9.0 Аргументы: позиционнные - (<__main__.Student object at 0x000001D1D29DC3E0>,), именованные - {}

Дата и время вызова: 2025-04-07 02:18:29.349031 Имя функции: avr_grade Результат: 9.0 Аргументы: позиционнные - (<__main__.Student object at 0x000001D1D29DC410>,), именованные - {}

Дата и время вызова: 2025-04-07 02:18:29.350056 Имя функции: avr_grade Результат: 9.0 Аргументы: позиционнные - (<__main__.Student object at 0x000001D1D29DC3E0>,), именованные - {}

Дата и время вызова: 2025-04-07 02:18:29.350056 Имя функции: avr_grade Результат: 9.0 Аргументы: позиционнные - (<__main__.Student object at 0x000001D1D29DC3E0>,), именованные - {}

Дата и время вызова: 2025-04-07 02:18:29.350056 Имя функции: avr_grade Результат: 9.0 Аргументы: позиционнные - (<__main__.Student object at 0x000001D1D29DC3E0>,), именованные - {}

Дата и время вызова: 2025-04-07 02:21:20.099957 Имя функции: avr_grade Результат: 9.0 Аргументы: позиционнные - (<__main__.Student object at 0x000001A2EA9BF890>,), именованные - {}

Дата и время вызова: 2025-04-07 02:21:20.099957 Имя функции: avr_grade Результат: 9.0 Аргументы: позиционнные - (<__main__.Student object at 0x000001A2EA9BF8C0>,), именованные - {}

Дата и время вызова: 2025-04-07 02:21:20.100992 Имя функции: avr_grade Результат: 9.0 Аргументы: позиционнные - (<__main__.Student object at 0x000001A2EA9BF890>,), именованные - {}

Дата и время вызова: 2025-04-07 02:21:20.100992 Имя функции: avr_grade Результат: 9.0 Аргументы: позиционнные - (<__main__.Student object at 0x000001A2EA9BF890>,), именованные - {}

Дата и время вызова: 2025-04-07 02:21:20.100992 Имя функции: avr_grade Результат: 9.0 Аргументы: позиционнные - (<__main__.Student object at 0x000001A2EA9BF890>,), именованные - {}

